2023-12-19T00:00:25.708+01:00  INFO 8748 --- [SpringApplicationShutdownHook] o.s.m.s.b.SimpleBrokerMessageHandler     : Stopping...
2023-12-19T00:00:25.711+01:00  INFO 8748 --- [SpringApplicationShutdownHook] o.s.m.s.b.SimpleBrokerMessageHandler     : BrokerAvailabilityEvent[available=false, SimpleBrokerMessageHandler [org.springframework.messaging.simp.broker.DefaultSubscriptionRegistry@37a67cf]]
2023-12-19T00:00:25.711+01:00  INFO 8748 --- [SpringApplicationShutdownHook] o.s.m.s.b.SimpleBrokerMessageHandler     : Stopped.
2023-12-19T00:00:25.730+01:00  INFO 8748 --- [SpringApplicationShutdownHook] com.zaxxer.hikari.HikariDataSource       : HikariPool-1 - Shutdown initiated...
2023-12-19T00:00:25.733+01:00  INFO 8748 --- [SpringApplicationShutdownHook] com.zaxxer.hikari.HikariDataSource       : HikariPool-1 - Shutdown completed.
2023-12-19T00:00:29.726+01:00  INFO 5980 --- [main] com.rbs.cwe209.Cwe209Application         : Starting Cwe209Application using Java 17.0.9 with PID 5980 (C:\Users\Dell\Desktop\Master\RBS\Seminarski rad\cwe209\target\classes started by Dell in C:\Users\Dell\Desktop\Master\RBS\Seminarski rad\cwe209)
2023-12-19T00:00:29.729+01:00  INFO 5980 --- [main] com.rbs.cwe209.Cwe209Application         : No active profile set, falling back to 1 default profile: "default"
2023-12-19T00:00:30.732+01:00  INFO 5980 --- [main] o.s.b.w.embedded.tomcat.TomcatWebServer  : Tomcat initialized with port 8080 (http)
2023-12-19T00:00:30.740+01:00  INFO 5980 --- [main] o.apache.catalina.core.StandardService   : Starting service [Tomcat]
2023-12-19T00:00:30.740+01:00  INFO 5980 --- [main] o.apache.catalina.core.StandardEngine    : Starting Servlet engine: [Apache Tomcat/10.1.16]
2023-12-19T00:00:30.880+01:00  INFO 5980 --- [main] org.apache.jasper.servlet.TldScanner     : At least one JAR was scanned for TLDs yet contained no TLDs. Enable debug logging for this logger for a complete list of JARs that were scanned but no TLDs were found in them. Skipping unneeded JARs during scanning can improve startup time and JSP compilation time.
2023-12-19T00:00:30.885+01:00  INFO 5980 --- [main] o.a.c.c.C.[Tomcat].[localhost].[/]       : Initializing Spring embedded WebApplicationContext
2023-12-19T00:00:30.885+01:00  INFO 5980 --- [main] w.s.c.ServletWebServerApplicationContext : Root WebApplicationContext: initialization completed in 1096 ms
2023-12-19T00:00:30.908+01:00  INFO 5980 --- [main] com.zaxxer.hikari.HikariDataSource       : HikariPool-1 - Starting...
2023-12-19T00:00:31.069+01:00  INFO 5980 --- [main] com.zaxxer.hikari.pool.HikariPool        : HikariPool-1 - Added connection conn0: url=jdbc:h2:mem:cwe209 user=SA
2023-12-19T00:00:31.070+01:00  INFO 5980 --- [main] com.zaxxer.hikari.HikariDataSource       : HikariPool-1 - Start completed.
2023-12-19T00:00:31.080+01:00  INFO 5980 --- [main] o.s.b.a.h2.H2ConsoleAutoConfiguration    : H2 console available at '/h2-console'. Database available at 'jdbc:h2:mem:cwe209'
2023-12-19T00:00:31.447+01:00  INFO 5980 --- [main] o.s.s.web.DefaultSecurityFilterChain     : Will secure any request with [org.springframework.security.web.session.DisableEncodeUrlFilter@6ce26986, org.springframework.security.web.context.request.async.WebAsyncManagerIntegrationFilter@2bf2d6eb, org.springframework.security.web.context.SecurityContextHolderFilter@7d50f2a8, org.springframework.security.web.header.HeaderWriterFilter@374ccb9, org.springframework.web.filter.CorsFilter@6d6cd1e0, org.springframework.security.web.csrf.CsrfFilter@13f40d71, org.springframework.security.web.authentication.logout.LogoutFilter@6dd79214, org.springframework.security.web.authentication.UsernamePasswordAuthenticationFilter@4b3a01d8, org.springframework.security.web.savedrequest.RequestCacheAwareFilter@37ca3ca8, org.springframework.security.web.servletapi.SecurityContextHolderAwareRequestFilter@191ec193, org.springframework.security.web.authentication.AnonymousAuthenticationFilter@76a9a009, org.springframework.security.web.access.ExceptionTranslationFilter@2c7c0e36, org.springframework.security.web.access.intercept.AuthorizationFilter@48f2054d]
2023-12-19T00:00:31.699+01:00  INFO 5980 --- [main] o.s.b.w.embedded.tomcat.TomcatWebServer  : Tomcat started on port 8080 (http) with context path ''
2023-12-19T00:00:31.703+01:00  INFO 5980 --- [main] o.s.m.s.b.SimpleBrokerMessageHandler     : Starting...
2023-12-19T00:00:31.703+01:00  INFO 5980 --- [main] o.s.m.s.b.SimpleBrokerMessageHandler     : BrokerAvailabilityEvent[available=true, SimpleBrokerMessageHandler [org.springframework.messaging.simp.broker.DefaultSubscriptionRegistry@6f867b0c]]
2023-12-19T00:00:31.704+01:00  INFO 5980 --- [main] o.s.m.s.b.SimpleBrokerMessageHandler     : Started.
2023-12-19T00:00:31.709+01:00  INFO 5980 --- [main] com.rbs.cwe209.Cwe209Application         : Started Cwe209Application in 2.426 seconds (process running for 3.048)
2023-12-19T00:00:41.666+01:00  INFO 5980 --- [http-nio-8080-exec-1] o.a.c.c.C.[Tomcat].[localhost].[/]       : Initializing Spring DispatcherServlet 'dispatcherServlet'
2023-12-19T00:00:41.666+01:00  INFO 5980 --- [http-nio-8080-exec-1] o.s.web.servlet.DispatcherServlet        : Initializing Servlet 'dispatcherServlet'
2023-12-19T00:00:41.667+01:00  INFO 5980 --- [http-nio-8080-exec-1] o.s.web.servlet.DispatcherServlet        : Completed initialization in 1 ms
2023-12-19T00:00:41.814+01:00  WARN 5980 --- [http-nio-8080-exec-1] o.a.c.util.SessionIdGeneratorBase        : Creation of SecureRandom instance for session ID generation using [SHA1PRNG] took [110] milliseconds.
2023-12-19T00:00:48.098+01:00  INFO 5980 --- [http-nio-8080-exec-7] c.r.c.c.DatabaseAuthenticationProvider   : Logging in as admin/admin
2023-12-19T00:01:31.676+01:00  INFO 5980 --- [MessageBroker-1] o.s.w.s.c.WebSocketMessageBrokerStats    : WebSocketSession[0 current WS(0)-HttpStream(0)-HttpPoll(0), 0 total, 0 closed abnormally (0 connect failure, 0 send limit, 0 transport error)], stompSubProtocol[processed CONNECT(0)-CONNECTED(0)-DISCONNECT(0)], stompBrokerRelay[null], inboundChannel[pool size = 0, active threads = 0, queued tasks = 0, completed tasks = 0], outboundChannel[pool size = 0, active threads = 0, queued tasks = 0, completed tasks = 0], sockJsScheduler[pool size = 1, active threads = 1, queued tasks = 0, completed tasks = 0]
2023-12-19T00:02:37.224+01:00  INFO 5980 --- [SpringApplicationShutdownHook] o.s.m.s.b.SimpleBrokerMessageHandler     : Stopping...
2023-12-19T00:02:37.224+01:00  INFO 5980 --- [SpringApplicationShutdownHook] o.s.m.s.b.SimpleBrokerMessageHandler     : BrokerAvailabilityEvent[available=false, SimpleBrokerMessageHandler [org.springframework.messaging.simp.broker.DefaultSubscriptionRegistry@6f867b0c]]
2023-12-19T00:02:37.225+01:00  INFO 5980 --- [SpringApplicationShutdownHook] o.s.m.s.b.SimpleBrokerMessageHandler     : Stopped.
2023-12-19T00:02:37.246+01:00  INFO 5980 --- [SpringApplicationShutdownHook] com.zaxxer.hikari.HikariDataSource       : HikariPool-1 - Shutdown initiated...
2023-12-19T00:02:37.247+01:00  INFO 5980 --- [SpringApplicationShutdownHook] com.zaxxer.hikari.HikariDataSource       : HikariPool-1 - Shutdown completed.
2023-12-19T00:02:40.543+01:00  INFO 31544 --- [main] com.rbs.cwe209.Cwe209Application         : Starting Cwe209Application using Java 17.0.9 with PID 31544 (C:\Users\Dell\Desktop\Master\RBS\Seminarski rad\cwe209\target\classes started by Dell in C:\Users\Dell\Desktop\Master\RBS\Seminarski rad\cwe209)
2023-12-19T00:02:40.545+01:00  INFO 31544 --- [main] com.rbs.cwe209.Cwe209Application         : No active profile set, falling back to 1 default profile: "default"
2023-12-19T00:02:41.555+01:00  INFO 31544 --- [main] o.s.b.w.embedded.tomcat.TomcatWebServer  : Tomcat initialized with port 8080 (http)
2023-12-19T00:02:41.563+01:00  INFO 31544 --- [main] o.apache.catalina.core.StandardService   : Starting service [Tomcat]
2023-12-19T00:02:41.563+01:00  INFO 31544 --- [main] o.apache.catalina.core.StandardEngine    : Starting Servlet engine: [Apache Tomcat/10.1.16]
2023-12-19T00:02:41.702+01:00  INFO 31544 --- [main] org.apache.jasper.servlet.TldScanner     : At least one JAR was scanned for TLDs yet contained no TLDs. Enable debug logging for this logger for a complete list of JARs that were scanned but no TLDs were found in them. Skipping unneeded JARs during scanning can improve startup time and JSP compilation time.
2023-12-19T00:02:41.706+01:00  INFO 31544 --- [main] o.a.c.c.C.[Tomcat].[localhost].[/]       : Initializing Spring embedded WebApplicationContext
2023-12-19T00:02:41.706+01:00  INFO 31544 --- [main] w.s.c.ServletWebServerApplicationContext : Root WebApplicationContext: initialization completed in 1111 ms
2023-12-19T00:02:41.730+01:00  INFO 31544 --- [main] com.zaxxer.hikari.HikariDataSource       : HikariPool-1 - Starting...
2023-12-19T00:02:41.893+01:00  INFO 31544 --- [main] com.zaxxer.hikari.pool.HikariPool        : HikariPool-1 - Added connection conn0: url=jdbc:h2:mem:cwe209 user=SA
2023-12-19T00:02:41.894+01:00  INFO 31544 --- [main] com.zaxxer.hikari.HikariDataSource       : HikariPool-1 - Start completed.
2023-12-19T00:02:41.905+01:00  INFO 31544 --- [main] o.s.b.a.h2.H2ConsoleAutoConfiguration    : H2 console available at '/h2-console'. Database available at 'jdbc:h2:mem:cwe209'
2023-12-19T00:02:42.272+01:00  INFO 31544 --- [main] o.s.s.web.DefaultSecurityFilterChain     : Will secure any request with [org.springframework.security.web.session.DisableEncodeUrlFilter@1693ff90, org.springframework.security.web.context.request.async.WebAsyncManagerIntegrationFilter@47058864, org.springframework.security.web.context.SecurityContextHolderFilter@5175d9ad, org.springframework.security.web.header.HeaderWriterFilter@7dbae40, org.springframework.web.filter.CorsFilter@ad3f70a, org.springframework.security.web.csrf.CsrfFilter@6cc48a17, org.springframework.security.web.authentication.logout.LogoutFilter@154b8cb6, org.springframework.security.web.authentication.UsernamePasswordAuthenticationFilter@35563e4c, org.springframework.security.web.savedrequest.RequestCacheAwareFilter@25a5c8e, org.springframework.security.web.servletapi.SecurityContextHolderAwareRequestFilter@656c5c3, org.springframework.security.web.authentication.AnonymousAuthenticationFilter@54ccb3, org.springframework.security.web.access.ExceptionTranslationFilter@73a845cb, org.springframework.security.web.access.intercept.AuthorizationFilter@743d0d44]
2023-12-19T00:02:42.533+01:00  INFO 31544 --- [main] o.s.b.w.embedded.tomcat.TomcatWebServer  : Tomcat started on port 8080 (http) with context path ''
2023-12-19T00:02:42.535+01:00  INFO 31544 --- [main] o.s.m.s.b.SimpleBrokerMessageHandler     : Starting...
2023-12-19T00:02:42.536+01:00  INFO 31544 --- [main] o.s.m.s.b.SimpleBrokerMessageHandler     : BrokerAvailabilityEvent[available=true, SimpleBrokerMessageHandler [org.springframework.messaging.simp.broker.DefaultSubscriptionRegistry@472c9f88]]
2023-12-19T00:02:42.537+01:00  INFO 31544 --- [main] o.s.m.s.b.SimpleBrokerMessageHandler     : Started.
2023-12-19T00:02:42.543+01:00  INFO 31544 --- [main] com.rbs.cwe209.Cwe209Application         : Started Cwe209Application in 2.425 seconds (process running for 3.053)
2023-12-19T00:02:49.505+01:00  INFO 31544 --- [http-nio-8080-exec-1] o.a.c.c.C.[Tomcat].[localhost].[/]       : Initializing Spring DispatcherServlet 'dispatcherServlet'
2023-12-19T00:02:49.506+01:00  INFO 31544 --- [http-nio-8080-exec-1] o.s.web.servlet.DispatcherServlet        : Initializing Servlet 'dispatcherServlet'
2023-12-19T00:02:49.507+01:00  INFO 31544 --- [http-nio-8080-exec-1] o.s.web.servlet.DispatcherServlet        : Completed initialization in 0 ms
2023-12-19T00:02:49.659+01:00  WARN 31544 --- [http-nio-8080-exec-1] o.a.c.util.SessionIdGeneratorBase        : Creation of SecureRandom instance for session ID generation using [SHA1PRNG] took [110] milliseconds.
2023-12-19T00:02:54.844+01:00  INFO 31544 --- [http-nio-8080-exec-4] c.r.c.c.DatabaseAuthenticationProvider   : Logging in as admin/admin
2023-12-19T00:03:42.514+01:00  INFO 31544 --- [MessageBroker-1] o.s.w.s.c.WebSocketMessageBrokerStats    : WebSocketSession[0 current WS(0)-HttpStream(0)-HttpPoll(0), 0 total, 0 closed abnormally (0 connect failure, 0 send limit, 0 transport error)], stompSubProtocol[processed CONNECT(0)-CONNECTED(0)-DISCONNECT(0)], stompBrokerRelay[null], inboundChannel[pool size = 0, active threads = 0, queued tasks = 0, completed tasks = 0], outboundChannel[pool size = 0, active threads = 0, queued tasks = 0, completed tasks = 0], sockJsScheduler[pool size = 1, active threads = 1, queued tasks = 0, completed tasks = 0]
2023-12-19T00:03:53.430+01:00  INFO 31544 --- [SpringApplicationShutdownHook] o.s.m.s.b.SimpleBrokerMessageHandler     : Stopping...
2023-12-19T00:03:53.430+01:00  INFO 31544 --- [SpringApplicationShutdownHook] o.s.m.s.b.SimpleBrokerMessageHandler     : BrokerAvailabilityEvent[available=false, SimpleBrokerMessageHandler [org.springframework.messaging.simp.broker.DefaultSubscriptionRegistry@472c9f88]]
2023-12-19T00:03:53.430+01:00  INFO 31544 --- [SpringApplicationShutdownHook] o.s.m.s.b.SimpleBrokerMessageHandler     : Stopped.
2023-12-19T00:03:53.448+01:00  INFO 31544 --- [SpringApplicationShutdownHook] com.zaxxer.hikari.HikariDataSource       : HikariPool-1 - Shutdown initiated...
2023-12-19T00:03:53.450+01:00  INFO 31544 --- [SpringApplicationShutdownHook] com.zaxxer.hikari.HikariDataSource       : HikariPool-1 - Shutdown completed.
2023-12-19T00:03:56.825+01:00  INFO 26800 --- [main] com.rbs.cwe209.Cwe209Application         : Starting Cwe209Application using Java 17.0.9 with PID 26800 (C:\Users\Dell\Desktop\Master\RBS\Seminarski rad\cwe209\target\classes started by Dell in C:\Users\Dell\Desktop\Master\RBS\Seminarski rad\cwe209)
2023-12-19T00:03:56.828+01:00  INFO 26800 --- [main] com.rbs.cwe209.Cwe209Application         : No active profile set, falling back to 1 default profile: "default"
2023-12-19T00:03:57.897+01:00  INFO 26800 --- [main] o.s.b.w.embedded.tomcat.TomcatWebServer  : Tomcat initialized with port 8080 (http)
2023-12-19T00:03:57.905+01:00  INFO 26800 --- [main] o.apache.catalina.core.StandardService   : Starting service [Tomcat]
2023-12-19T00:03:57.906+01:00  INFO 26800 --- [main] o.apache.catalina.core.StandardEngine    : Starting Servlet engine: [Apache Tomcat/10.1.16]
2023-12-19T00:03:58.065+01:00  INFO 26800 --- [main] org.apache.jasper.servlet.TldScanner     : At least one JAR was scanned for TLDs yet contained no TLDs. Enable debug logging for this logger for a complete list of JARs that were scanned but no TLDs were found in them. Skipping unneeded JARs during scanning can improve startup time and JSP compilation time.
2023-12-19T00:03:58.070+01:00  INFO 26800 --- [main] o.a.c.c.C.[Tomcat].[localhost].[/]       : Initializing Spring embedded WebApplicationContext
2023-12-19T00:03:58.070+01:00  INFO 26800 --- [main] w.s.c.ServletWebServerApplicationContext : Root WebApplicationContext: initialization completed in 1179 ms
2023-12-19T00:03:58.096+01:00  INFO 26800 --- [main] com.zaxxer.hikari.HikariDataSource       : HikariPool-1 - Starting...
2023-12-19T00:03:58.271+01:00  INFO 26800 --- [main] com.zaxxer.hikari.pool.HikariPool        : HikariPool-1 - Added connection conn0: url=jdbc:h2:mem:cwe209 user=SA
2023-12-19T00:03:58.273+01:00  INFO 26800 --- [main] com.zaxxer.hikari.HikariDataSource       : HikariPool-1 - Start completed.
2023-12-19T00:03:58.283+01:00  INFO 26800 --- [main] o.s.b.a.h2.H2ConsoleAutoConfiguration    : H2 console available at '/h2-console'. Database available at 'jdbc:h2:mem:cwe209'
2023-12-19T00:03:58.736+01:00  INFO 26800 --- [main] o.s.s.web.DefaultSecurityFilterChain     : Will secure any request with [org.springframework.security.web.session.DisableEncodeUrlFilter@6ce26986, org.springframework.security.web.context.request.async.WebAsyncManagerIntegrationFilter@2bf2d6eb, org.springframework.security.web.context.SecurityContextHolderFilter@7d50f2a8, org.springframework.security.web.header.HeaderWriterFilter@374ccb9, org.springframework.web.filter.CorsFilter@6d6cd1e0, org.springframework.security.web.csrf.CsrfFilter@13f40d71, org.springframework.security.web.authentication.logout.LogoutFilter@6dd79214, org.springframework.security.web.authentication.UsernamePasswordAuthenticationFilter@4b3a01d8, org.springframework.security.web.savedrequest.RequestCacheAwareFilter@37ca3ca8, org.springframework.security.web.servletapi.SecurityContextHolderAwareRequestFilter@191ec193, org.springframework.security.web.authentication.AnonymousAuthenticationFilter@76a9a009, org.springframework.security.web.access.ExceptionTranslationFilter@2c7c0e36, org.springframework.security.web.access.intercept.AuthorizationFilter@48f2054d]
2023-12-19T00:03:59.116+01:00  INFO 26800 --- [main] o.s.b.w.embedded.tomcat.TomcatWebServer  : Tomcat started on port 8080 (http) with context path ''
2023-12-19T00:03:59.118+01:00  INFO 26800 --- [main] o.s.m.s.b.SimpleBrokerMessageHandler     : Starting...
2023-12-19T00:03:59.118+01:00  INFO 26800 --- [main] o.s.m.s.b.SimpleBrokerMessageHandler     : BrokerAvailabilityEvent[available=true, SimpleBrokerMessageHandler [org.springframework.messaging.simp.broker.DefaultSubscriptionRegistry@6f867b0c]]
2023-12-19T00:03:59.119+01:00  INFO 26800 --- [main] o.s.m.s.b.SimpleBrokerMessageHandler     : Started.
2023-12-19T00:03:59.126+01:00  INFO 26800 --- [main] com.rbs.cwe209.Cwe209Application         : Started Cwe209Application in 2.786 seconds (process running for 3.478)
2023-12-19T00:04:00.799+01:00  INFO 26800 --- [http-nio-8080-exec-1] o.a.c.c.C.[Tomcat].[localhost].[/]       : Initializing Spring DispatcherServlet 'dispatcherServlet'
2023-12-19T00:04:00.799+01:00  INFO 26800 --- [http-nio-8080-exec-1] o.s.web.servlet.DispatcherServlet        : Initializing Servlet 'dispatcherServlet'
2023-12-19T00:04:00.800+01:00  INFO 26800 --- [http-nio-8080-exec-1] o.s.web.servlet.DispatcherServlet        : Completed initialization in 1 ms
2023-12-19T00:04:00.965+01:00  WARN 26800 --- [http-nio-8080-exec-1] o.a.c.util.SessionIdGeneratorBase        : Creation of SecureRandom instance for session ID generation using [SHA1PRNG] took [120] milliseconds.
2023-12-19T00:04:07.185+01:00  INFO 26800 --- [http-nio-8080-exec-4] c.r.c.c.DatabaseAuthenticationProvider   : Logging in as admin/admin
2023-12-19T00:04:59.084+01:00  INFO 26800 --- [MessageBroker-1] o.s.w.s.c.WebSocketMessageBrokerStats    : WebSocketSession[0 current WS(0)-HttpStream(0)-HttpPoll(0), 0 total, 0 closed abnormally (0 connect failure, 0 send limit, 0 transport error)], stompSubProtocol[processed CONNECT(0)-CONNECTED(0)-DISCONNECT(0)], stompBrokerRelay[null], inboundChannel[pool size = 0, active threads = 0, queued tasks = 0, completed tasks = 0], outboundChannel[pool size = 0, active threads = 0, queued tasks = 0, completed tasks = 0], sockJsScheduler[pool size = 1, active threads = 1, queued tasks = 0, completed tasks = 0]
2023-12-19T00:05:30.420+01:00  INFO 26800 --- [SpringApplicationShutdownHook] o.s.m.s.b.SimpleBrokerMessageHandler     : Stopping...
2023-12-19T00:05:30.420+01:00  INFO 26800 --- [SpringApplicationShutdownHook] o.s.m.s.b.SimpleBrokerMessageHandler     : BrokerAvailabilityEvent[available=false, SimpleBrokerMessageHandler [org.springframework.messaging.simp.broker.DefaultSubscriptionRegistry@6f867b0c]]
2023-12-19T00:05:30.420+01:00  INFO 26800 --- [SpringApplicationShutdownHook] o.s.m.s.b.SimpleBrokerMessageHandler     : Stopped.
2023-12-19T00:05:30.443+01:00  INFO 26800 --- [SpringApplicationShutdownHook] com.zaxxer.hikari.HikariDataSource       : HikariPool-1 - Shutdown initiated...
2023-12-19T00:05:30.446+01:00  INFO 26800 --- [SpringApplicationShutdownHook] com.zaxxer.hikari.HikariDataSource       : HikariPool-1 - Shutdown completed.
2023-12-19T00:05:38.723+01:00  INFO 22312 --- [main] com.rbs.cwe209.Cwe209Application         : Starting Cwe209Application using Java 17.0.9 with PID 22312 (C:\Users\Dell\Desktop\Master\RBS\Seminarski rad\cwe209\target\classes started by Dell in C:\Users\Dell\Desktop\Master\RBS\Seminarski rad\cwe209)
2023-12-19T00:05:38.726+01:00  INFO 22312 --- [main] com.rbs.cwe209.Cwe209Application         : No active profile set, falling back to 1 default profile: "default"
2023-12-19T00:05:39.932+01:00  INFO 22312 --- [main] o.s.b.w.embedded.tomcat.TomcatWebServer  : Tomcat initialized with port 8080 (http)
2023-12-19T00:05:39.940+01:00  INFO 22312 --- [main] o.apache.catalina.core.StandardService   : Starting service [Tomcat]
2023-12-19T00:05:39.941+01:00  INFO 22312 --- [main] o.apache.catalina.core.StandardEngine    : Starting Servlet engine: [Apache Tomcat/10.1.16]
2023-12-19T00:05:40.090+01:00  INFO 22312 --- [main] org.apache.jasper.servlet.TldScanner     : At least one JAR was scanned for TLDs yet contained no TLDs. Enable debug logging for this logger for a complete list of JARs that were scanned but no TLDs were found in them. Skipping unneeded JARs during scanning can improve startup time and JSP compilation time.
2023-12-19T00:05:40.096+01:00  INFO 22312 --- [main] o.a.c.c.C.[Tomcat].[localhost].[/]       : Initializing Spring embedded WebApplicationContext
2023-12-19T00:05:40.097+01:00  INFO 22312 --- [main] w.s.c.ServletWebServerApplicationContext : Root WebApplicationContext: initialization completed in 1323 ms
2023-12-19T00:05:40.150+01:00  INFO 22312 --- [main] com.zaxxer.hikari.HikariDataSource       : HikariPool-1 - Starting...
2023-12-19T00:05:40.330+01:00  INFO 22312 --- [main] com.zaxxer.hikari.pool.HikariPool        : HikariPool-1 - Added connection conn0: url=jdbc:h2:mem:cwe209 user=SA
2023-12-19T00:05:40.332+01:00  INFO 22312 --- [main] com.zaxxer.hikari.HikariDataSource       : HikariPool-1 - Start completed.
2023-12-19T00:05:40.342+01:00  INFO 22312 --- [main] o.s.b.a.h2.H2ConsoleAutoConfiguration    : H2 console available at '/h2-console'. Database available at 'jdbc:h2:mem:cwe209'
2023-12-19T00:05:40.755+01:00  INFO 22312 --- [main] o.s.s.web.DefaultSecurityFilterChain     : Will secure any request with [org.springframework.security.web.session.DisableEncodeUrlFilter@1ea930eb, org.springframework.security.web.context.request.async.WebAsyncManagerIntegrationFilter@2e0ad709, org.springframework.security.web.context.SecurityContextHolderFilter@3711c71c, org.springframework.security.web.header.HeaderWriterFilter@22a4ca4a, org.springframework.web.filter.CorsFilter@1fe8f5e8, org.springframework.security.web.csrf.CsrfFilter@251a90ce, org.springframework.security.web.authentication.logout.LogoutFilter@5329f6b3, org.springframework.security.web.authentication.UsernamePasswordAuthenticationFilter@154b8cb6, org.springframework.security.web.savedrequest.RequestCacheAwareFilter@646d810b, org.springframework.security.web.servletapi.SecurityContextHolderAwareRequestFilter@30508066, org.springframework.security.web.authentication.AnonymousAuthenticationFilter@39449465, org.springframework.security.web.access.ExceptionTranslationFilter@7f22687e, org.springframework.security.web.access.intercept.AuthorizationFilter@7a36c83a]
2023-12-19T00:05:41.020+01:00  INFO 22312 --- [main] o.s.b.w.embedded.tomcat.TomcatWebServer  : Tomcat started on port 8080 (http) with context path ''
2023-12-19T00:05:41.023+01:00  INFO 22312 --- [main] o.s.m.s.b.SimpleBrokerMessageHandler     : Starting...
2023-12-19T00:05:41.024+01:00  INFO 22312 --- [main] o.s.m.s.b.SimpleBrokerMessageHandler     : BrokerAvailabilityEvent[available=true, SimpleBrokerMessageHandler [org.springframework.messaging.simp.broker.DefaultSubscriptionRegistry@236861da]]
2023-12-19T00:05:41.024+01:00  INFO 22312 --- [main] o.s.m.s.b.SimpleBrokerMessageHandler     : Started.
2023-12-19T00:05:41.031+01:00  INFO 22312 --- [main] com.rbs.cwe209.Cwe209Application         : Started Cwe209Application in 2.841 seconds (process running for 3.768)
2023-12-19T00:05:43.292+01:00  INFO 22312 --- [http-nio-8080-exec-1] o.a.c.c.C.[Tomcat].[localhost].[/]       : Initializing Spring DispatcherServlet 'dispatcherServlet'
2023-12-19T00:05:43.293+01:00  INFO 22312 --- [http-nio-8080-exec-1] o.s.web.servlet.DispatcherServlet        : Initializing Servlet 'dispatcherServlet'
2023-12-19T00:05:43.293+01:00  INFO 22312 --- [http-nio-8080-exec-1] o.s.web.servlet.DispatcherServlet        : Completed initialization in 0 ms
2023-12-19T00:05:43.447+01:00  WARN 22312 --- [http-nio-8080-exec-1] o.a.c.util.SessionIdGeneratorBase        : Creation of SecureRandom instance for session ID generation using [SHA1PRNG] took [110] milliseconds.
2023-12-19T00:05:49.139+01:00  INFO 22312 --- [http-nio-8080-exec-4] c.r.c.c.DatabaseAuthenticationProvider   : Logging in as admin/admin
2023-12-19T00:06:40.992+01:00  INFO 22312 --- [MessageBroker-1] o.s.w.s.c.WebSocketMessageBrokerStats    : WebSocketSession[0 current WS(0)-HttpStream(0)-HttpPoll(0), 0 total, 0 closed abnormally (0 connect failure, 0 send limit, 0 transport error)], stompSubProtocol[processed CONNECT(0)-CONNECTED(0)-DISCONNECT(0)], stompBrokerRelay[null], inboundChannel[pool size = 0, active threads = 0, queued tasks = 0, completed tasks = 0], outboundChannel[pool size = 0, active threads = 0, queued tasks = 0, completed tasks = 0], sockJsScheduler[pool size = 1, active threads = 1, queued tasks = 0, completed tasks = 0]
2023-12-19T00:07:46.221+01:00  INFO 22312 --- [SpringApplicationShutdownHook] o.s.m.s.b.SimpleBrokerMessageHandler     : Stopping...
2023-12-19T00:07:46.221+01:00  INFO 22312 --- [SpringApplicationShutdownHook] o.s.m.s.b.SimpleBrokerMessageHandler     : BrokerAvailabilityEvent[available=false, SimpleBrokerMessageHandler [org.springframework.messaging.simp.broker.DefaultSubscriptionRegistry@236861da]]
2023-12-19T00:07:46.221+01:00  INFO 22312 --- [SpringApplicationShutdownHook] o.s.m.s.b.SimpleBrokerMessageHandler     : Stopped.
2023-12-19T00:07:46.245+01:00  INFO 22312 --- [SpringApplicationShutdownHook] com.zaxxer.hikari.HikariDataSource       : HikariPool-1 - Shutdown initiated...
2023-12-19T00:07:46.249+01:00  INFO 22312 --- [SpringApplicationShutdownHook] com.zaxxer.hikari.HikariDataSource       : HikariPool-1 - Shutdown completed.
2023-12-19T00:07:49.552+01:00  INFO 15096 --- [main] com.rbs.cwe209.Cwe209Application         : Starting Cwe209Application using Java 17.0.9 with PID 15096 (C:\Users\Dell\Desktop\Master\RBS\Seminarski rad\cwe209\target\classes started by Dell in C:\Users\Dell\Desktop\Master\RBS\Seminarski rad\cwe209)
2023-12-19T00:07:49.556+01:00  INFO 15096 --- [main] com.rbs.cwe209.Cwe209Application         : No active profile set, falling back to 1 default profile: "default"
2023-12-19T00:07:50.596+01:00  INFO 15096 --- [main] o.s.b.w.embedded.tomcat.TomcatWebServer  : Tomcat initialized with port 8080 (http)
2023-12-19T00:07:50.604+01:00  INFO 15096 --- [main] o.apache.catalina.core.StandardService   : Starting service [Tomcat]
2023-12-19T00:07:50.604+01:00  INFO 15096 --- [main] o.apache.catalina.core.StandardEngine    : Starting Servlet engine: [Apache Tomcat/10.1.16]
2023-12-19T00:07:50.748+01:00  INFO 15096 --- [main] org.apache.jasper.servlet.TldScanner     : At least one JAR was scanned for TLDs yet contained no TLDs. Enable debug logging for this logger for a complete list of JARs that were scanned but no TLDs were found in them. Skipping unneeded JARs during scanning can improve startup time and JSP compilation time.
2023-12-19T00:07:50.752+01:00  INFO 15096 --- [main] o.a.c.c.C.[Tomcat].[localhost].[/]       : Initializing Spring embedded WebApplicationContext
2023-12-19T00:07:50.754+01:00  INFO 15096 --- [main] w.s.c.ServletWebServerApplicationContext : Root WebApplicationContext: initialization completed in 1134 ms
2023-12-19T00:07:50.777+01:00  INFO 15096 --- [main] com.zaxxer.hikari.HikariDataSource       : HikariPool-1 - Starting...
2023-12-19T00:07:50.938+01:00  INFO 15096 --- [main] com.zaxxer.hikari.pool.HikariPool        : HikariPool-1 - Added connection conn0: url=jdbc:h2:mem:cwe209 user=SA
2023-12-19T00:07:50.939+01:00  INFO 15096 --- [main] com.zaxxer.hikari.HikariDataSource       : HikariPool-1 - Start completed.
2023-12-19T00:07:50.949+01:00  INFO 15096 --- [main] o.s.b.a.h2.H2ConsoleAutoConfiguration    : H2 console available at '/h2-console'. Database available at 'jdbc:h2:mem:cwe209'
2023-12-19T00:07:51.325+01:00  INFO 15096 --- [main] o.s.s.web.DefaultSecurityFilterChain     : Will secure any request with [org.springframework.security.web.session.DisableEncodeUrlFilter@35563e4c, org.springframework.security.web.context.request.async.WebAsyncManagerIntegrationFilter@6dd79214, org.springframework.security.web.context.SecurityContextHolderFilter@18a98913, org.springframework.security.web.header.HeaderWriterFilter@16e1219f, org.springframework.web.filter.CorsFilter@ef86c72, org.springframework.security.web.csrf.CsrfFilter@20cff21e, org.springframework.security.web.authentication.logout.LogoutFilter@191ec193, org.springframework.security.web.authentication.UsernamePasswordAuthenticationFilter@53125718, org.springframework.security.web.savedrequest.RequestCacheAwareFilter@34f7b44f, org.springframework.security.web.servletapi.SecurityContextHolderAwareRequestFilter@5403907, org.springframework.security.web.authentication.AnonymousAuthenticationFilter@123307c4, org.springframework.security.web.access.ExceptionTranslationFilter@2f09e6b2, org.springframework.security.web.access.intercept.AuthorizationFilter@4ee8051c]
2023-12-19T00:07:51.587+01:00  INFO 15096 --- [main] o.s.b.w.embedded.tomcat.TomcatWebServer  : Tomcat started on port 8080 (http) with context path ''
2023-12-19T00:07:51.589+01:00  INFO 15096 --- [main] o.s.m.s.b.SimpleBrokerMessageHandler     : Starting...
2023-12-19T00:07:51.590+01:00  INFO 15096 --- [main] o.s.m.s.b.SimpleBrokerMessageHandler     : BrokerAvailabilityEvent[available=true, SimpleBrokerMessageHandler [org.springframework.messaging.simp.broker.DefaultSubscriptionRegistry@b5312df]]
2023-12-19T00:07:51.590+01:00  INFO 15096 --- [main] o.s.m.s.b.SimpleBrokerMessageHandler     : Started.
2023-12-19T00:07:51.596+01:00  INFO 15096 --- [main] com.rbs.cwe209.Cwe209Application         : Started Cwe209Application in 2.518 seconds (process running for 3.178)
2023-12-19T00:07:55.077+01:00  INFO 15096 --- [http-nio-8080-exec-1] o.a.c.c.C.[Tomcat].[localhost].[/]       : Initializing Spring DispatcherServlet 'dispatcherServlet'
2023-12-19T00:07:55.077+01:00  INFO 15096 --- [http-nio-8080-exec-1] o.s.web.servlet.DispatcherServlet        : Initializing Servlet 'dispatcherServlet'
2023-12-19T00:07:55.078+01:00  INFO 15096 --- [http-nio-8080-exec-1] o.s.web.servlet.DispatcherServlet        : Completed initialization in 1 ms
2023-12-19T00:07:55.229+01:00  WARN 15096 --- [http-nio-8080-exec-1] o.a.c.util.SessionIdGeneratorBase        : Creation of SecureRandom instance for session ID generation using [SHA1PRNG] took [110] milliseconds.
2023-12-19T00:08:01.046+01:00  INFO 15096 --- [http-nio-8080-exec-9] c.r.c.c.DatabaseAuthenticationProvider   : Logging in as admin/admin
2023-12-19T00:08:43.014+01:00  INFO 15096 --- [SpringApplicationShutdownHook] o.s.m.s.b.SimpleBrokerMessageHandler     : Stopping...
2023-12-19T00:08:43.014+01:00  INFO 15096 --- [SpringApplicationShutdownHook] o.s.m.s.b.SimpleBrokerMessageHandler     : BrokerAvailabilityEvent[available=false, SimpleBrokerMessageHandler [org.springframework.messaging.simp.broker.DefaultSubscriptionRegistry@b5312df]]
2023-12-19T00:08:43.014+01:00  INFO 15096 --- [SpringApplicationShutdownHook] o.s.m.s.b.SimpleBrokerMessageHandler     : Stopped.
2023-12-19T00:08:43.038+01:00  INFO 15096 --- [SpringApplicationShutdownHook] com.zaxxer.hikari.HikariDataSource       : HikariPool-1 - Shutdown initiated...
2023-12-19T00:08:43.040+01:00  INFO 15096 --- [SpringApplicationShutdownHook] com.zaxxer.hikari.HikariDataSource       : HikariPool-1 - Shutdown completed.
